15. 
Data: 0324.2020
Verified boot. 
http://www.luomingmao.com/2016/08/29/Verified-Boot/ 

kernel module sign 
https://www.kernel.org/doc/html/v4.10/admin-guide/module-signing.html

kernel cmdline 
https://www.kernel.org/doc/html/v4.14/admin-guide/kernel-parameters.html

14. 
Data: 0322.2020

FRC5280
https://datatracker.ietf.org/doc/rfc5280/
https://www.cnblogs.com/charlieroro/p/10948173.html
https://blog.csdn.net/weixin_43255133/article/details/84025214

openssl:
https://www.jianshu.com/p/a0fe30ccea37
openssl rsautl -sign

sign x.509 key 




https://askubuntu.com/questions/872792/what-is-xdg-runtime-dir
http://manpages.ubuntu.com/manpages/xenial/en/man8/pam_systemd.8.html
https://specifications.freedesktop.org/basedir-spec/basedir-spec-latest.html#variables
http://man7.org/linux/man-pages/man8/pam_env.8.html
http://www.jinbuguo.com/systemd/pam_systemd.html#




1. Kernel hardening

The kernel itself has protections enabled to make it more difficult to become compromised.

https://wiki.ubuntu.com/Security/Features#Kernel_Hardening 
https://wiki.debian.org/Hardening
https://wiki.gentoo.org/wiki/Project:Hardened
https://wiki.gentoo.org/wiki/Hardened/Toolchain
https://www.suse.com/documentation/sles-12/book_hardening/data/book_hardening.html

2. AGL application framework deamon / homescreen . 

https://wiki.automotivelinux.org/agl-distro/app-framework
https://docs.automotivelinux.org/docs/en/master/getting_started/reference/getting-started/getting-started-welcome.html
https://docs.automotivelinux.org/docs/en/master/apis_services/reference/af-main/0-introduction.html
https://gerrit.automotivelinux.org/gerrit/admin/repos
https://paul.pub/automotive-linux/#id-%E4%BA%BA%E6%9C%BA%E7%95%8C%E9%9D%A2%E6%A1%86%E6%9E%B6

3. yocto. meta-gplv2

http://git.yoctoproject.org/cgit/cgit.cgi/meta-gplv2/





    
